#
# There is insufficient memory for the Java Runtime Environment to continue.
# Native memory allocation (malloc) failed to allocate 1195056 bytes for Chunk::new
# Possible reasons:
#   The system is out of physical RAM or swap space
#   In 32 bit mode, the process size limit was hit
# Possible solutions:
#   Reduce memory load on the system
#   Increase physical memory or swap space
#   Check if swap backing store is full
#   Use 64 bit Java on a 64 bit OS
#   Decrease Java heap size (-Xmx/-Xms)
#   Decrease number of Java threads
#   Decrease Java thread stack sizes (-Xss)
#   Set larger code cache with -XX:ReservedCodeCacheSize=
# This output file may be truncated or incomplete.
#
#  Out of Memory Error (allocation.cpp:390), pid=6084, tid=6228
#
# JRE version: Java(TM) SE Runtime Environment (8.0_40-b25) (build 1.8.0_40-b25)
# Java VM: Java HotSpot(TM) 64-Bit Server VM (25.40-b25 mixed mode windows-amd64 compressed oops)
# Failed to write core dump. Minidumps are not enabled by default on client versions of Windows
#

---------------  T H R E A D  ---------------

Current thread (0x000000001be90800):  JavaThread "C2 CompilerThread1" daemon [_thread_in_native, id=6228, stack(0x000000001d4e0000,0x000000001d5e0000)]

Stack: [0x000000001d4e0000,0x000000001d5e0000]
Native frames: (J=compiled Java code, j=interpreted, Vv=VM code, C=native code)
V  [jvm.dll+0x32b47a]
V  [jvm.dll+0x2797f3]
V  [jvm.dll+0x27a489]
V  [jvm.dll+0x2717a5]
V  [jvm.dll+0xcb9a2]
V  [jvm.dll+0xcbe6c]
V  [jvm.dll+0x49294c]
V  [jvm.dll+0x45f77f]
V  [jvm.dll+0x46a73b]
V  [jvm.dll+0x46cd52]
V  [jvm.dll+0x4500d2]
V  [jvm.dll+0xa4312]
V  [jvm.dll+0xa4c4f]
V  [jvm.dll+0x241914]
V  [jvm.dll+0x29848a]
C  [msvcr100.dll+0x21d9f]
C  [msvcr100.dll+0x21e3b]
C  [KERNEL32.DLL+0x8364]
C  [ntdll.dll+0x670d1]


Current CompileTask:
C2:  31010 3628       4       com.android.dx.dex.code.DalvCode::finishProcessingIfNecessary (69 bytes)


---------------  P R O C E S S  ---------------

Java Threads: ( => current thread )
  0x000000001ddb2800 JavaThread "pool-1-thread-2" [_thread_in_vm, id=5864, stack(0x0000000022bf0000,0x0000000022cf0000)]
  0x000000001ff6d000 JavaThread "pool-1-thread-1" [_thread_in_vm, id=9608, stack(0x0000000022af0000,0x0000000022bf0000)]
  0x000000001d708800 JavaThread "Service Thread" daemon [_thread_blocked, id=10160, stack(0x000000001dae0000,0x000000001dbe0000)]
  0x000000001be93000 JavaThread "C1 CompilerThread2" daemon [_thread_blocked, id=7832, stack(0x000000001d5e0000,0x000000001d6e0000)]
=>0x000000001be90800 JavaThread "C2 CompilerThread1" daemon [_thread_in_native, id=6228, stack(0x000000001d4e0000,0x000000001d5e0000)]
  0x000000001be8c800 JavaThread "C2 CompilerThread0" daemon [_thread_in_native, id=8416, stack(0x000000001d3e0000,0x000000001d4e0000)]
  0x000000001be8b000 JavaThread "Attach Listener" daemon [_thread_blocked, id=7856, stack(0x000000001d2e0000,0x000000001d3e0000)]
  0x000000001be89800 JavaThread "Signal Dispatcher" daemon [_thread_blocked, id=2760, stack(0x000000001d1e0000,0x000000001d2e0000)]
  0x00000000027b7000 JavaThread "Finalizer" daemon [_thread_blocked, id=6324, stack(0x000000001d0e0000,0x000000001d1e0000)]
  0x00000000027ae000 JavaThread "Reference Handler" daemon [_thread_blocked, id=8696, stack(0x000000001cfe0000,0x000000001d0e0000)]
  0x000000000264e000 JavaThread "main" [_thread_blocked, id=5472, stack(0x0000000002530000,0x0000000002630000)]

Other Threads:
  0x000000001be57000 VMThread [stack: 0x000000001cee0000,0x000000001cfe0000] [id=8612]
  0x000000001beee800 WatcherThread [stack: 0x000000001dbe0000,0x000000001dce0000] [id=6656]

VM state:not at safepoint (normal execution)

VM Mutex/Monitor currently owned by a thread: None

Heap:
 PSYoungGen      total 1003008K, used 542094K [0x000000076ab00000, 0x00000007c0000000, 0x00000007c0000000)
  eden space 664576K, 66% used [0x000000076ab00000,0x0000000785bbe7e8,0x0000000793400000)
  from space 338432K, 29% used [0x00000007ab580000,0x00000007b1625190,0x00000007c0000000)
  to   space 366592K, 0% used [0x0000000793400000,0x0000000793400000,0x00000007a9a00000)
 ParOldGen       total 1234432K, used 828733K [0x00000006c0000000, 0x000000070b580000, 0x000000076ab00000)
  object space 1234432K, 67% used [0x00000006c0000000,0x00000006f294f658,0x000000070b580000)
 Metaspace       used 6964K, capacity 7672K, committed 7936K, reserved 1056768K
  class space    used 637K, capacity 688K, committed 768K, reserved 1048576K

Card table byte_map: [0x0000000011b80000,0x0000000012390000] byte_map_base: 0x000000000e580000

Marking Bits: (ParMarkBitMap*) 0x000000006c8f4040
 Begin Bits: [0x0000000012cf0000, 0x0000000016cf0000)
 End Bits:   [0x0000000016cf0000, 0x000000001acf0000)

Polling page: 0x0000000000850000

CodeCache: size=245760Kb used=12644Kb max_used=15167Kb free=233115Kb
 bounds [0x00000000027c0000, 0x00000000036a0000, 0x00000000117c0000]
 total_blobs=3069 nmethods=2798 adapters=183
 compilation: enabled

Compilation events (10 events):
Event: 30.928 Thread 0x000000001be93000 3713       2       java.util.ComparableTimSort::<init> (160 bytes)
Event: 30.929 Thread 0x000000001be93000 nmethod 3713 0x000000000300bc90 code [0x000000000300be00, 0x000000000300c230]
Event: 30.929 Thread 0x000000001be93000 3714       2       java.util.ComparableTimSort::minRunLength (43 bytes)
Event: 30.929 Thread 0x000000001be93000 nmethod 3714 0x0000000002f60950 code [0x0000000002f60aa0, 0x0000000002f60c30]
Event: 30.929 Thread 0x000000001be93000 3715       2       java.util.ComparableTimSort::mergeForceCollapse (50 bytes)
Event: 30.929 Thread 0x000000001be93000 nmethod 3715 0x000000000300a8d0 code [0x000000000300aa40, 0x000000000300ac88]
Event: 30.941 Thread 0x000000001be93000 3716 %     3       com.android.dx.dex.code.OutputFinisher::performExpansion @ 31 (273 bytes)
Event: 30.945 Thread 0x000000001be93000 nmethod 3716% 0x0000000002c743d0 code [0x0000000002c74880, 0x0000000002c77d18]
Event: 30.945 Thread 0x000000001be93000 3717       3       com.android.dx.dex.code.OutputFinisher::performExpansion (273 bytes)
Event: 30.948 Thread 0x000000001be93000 nmethod 3717 0x0000000002c27690 code [0x0000000002c27b40, 0x0000000002c2add8]

GC Heap History (10 events):
Event: 19.931 GC heap before
{Heap before GC invocations=19 (full 4):
 PSYoungGen      total 876544K, used 811455K [0x000000076ab00000, 0x00000007be800000, 0x00000007c0000000)
  eden space 669696K, 100% used [0x000000076ab00000,0x0000000793900000,0x0000000793900000)
  from space 206848K, 68% used [0x00000007a5980000,0x00000007ae3eff38,0x00000007b2380000)
  to   space 295424K, 0% used [0x0000000793900000,0x0000000793900000,0x00000007a5980000)
 ParOldGen       total 828928K, used 524277K [0x00000006c0000000, 0x00000006f2980000, 0x000000076ab00000)
  object space 828928K, 63% used [0x00000006c0000000,0x00000006dfffd680,0x00000006f2980000)
 Metaspace       used 6595K, capacity 7320K, committed 7680K, reserved 1056768K
  class space    used 619K, capacity 656K, committed 768K, reserved 1048576K
Event: 20.153 GC heap after
Heap after GC invocations=19 (full 4):
 PSYoungGen      total 965120K, used 83134K [0x000000076ab00000, 0x00000007bc580000, 0x00000007c0000000)
  eden space 669696K, 0% used [0x000000076ab00000,0x000000076ab00000,0x0000000793900000)
  from space 295424K, 28% used [0x0000000793900000,0x0000000798a2fb00,0x00000007a5980000)
  to   space 278528K, 0% used [0x00000007ab580000,0x00000007ab580000,0x00000007bc580000)
 ParOldGen       total 828928K, used 636647K [0x00000006c0000000, 0x00000006f2980000, 0x000000076ab00000)
  object space 828928K, 76% used [0x00000006c0000000,0x00000006e6db9ef8,0x00000006f2980000)
 Metaspace       used 6595K, capacity 7320K, committed 7680K, reserved 1056768K
  class space    used 619K, capacity 656K, committed 768K, reserved 1048576K
}
Event: 21.284 GC heap before
{Heap before GC invocations=20 (full 4):
 PSYoungGen      total 965120K, used 752830K [0x000000076ab00000, 0x00000007bc580000, 0x00000007c0000000)
  eden space 669696K, 100% used [0x000000076ab00000,0x0000000793900000,0x0000000793900000)
  from space 295424K, 28% used [0x0000000793900000,0x0000000798a2fb00,0x00000007a5980000)
  to   space 278528K, 0% used [0x00000007ab580000,0x00000007ab580000,0x00000007bc580000)
 ParOldGen       total 828928K, used 636647K [0x00000006c0000000, 0x00000006f2980000, 0x000000076ab00000)
  object space 828928K, 76% used [0x00000006c0000000,0x00000006e6db9ef8,0x00000006f2980000)
 Metaspace       used 6596K, capacity 7320K, committed 7680K, reserved 1056768K
  class space    used 619K, capacity 656K, committed 768K, reserved 1048576K
Event: 21.535 GC heap after
Heap after GC invocations=20 (full 4):
 PSYoungGen      total 1045504K, used 184250K [0x000000076ab00000, 0x00000007bee80000, 0x00000007c0000000)
  eden space 766976K, 0% used [0x000000076ab00000,0x000000076ab00000,0x0000000799800000)
  from space 278528K, 66% used [0x00000007ab580000,0x00000007b696e808,0x00000007bc580000)
  to   space 292352K, 0% used [0x0000000799800000,0x0000000799800000,0x00000007ab580000)
 ParOldGen       total 828928K, used 636647K [0x00000006c0000000, 0x00000006f2980000, 0x000000076ab00000)
  object space 828928K, 76% used [0x00000006c0000000,0x00000006e6db9ef8,0x00000006f2980000)
 Metaspace       used 6596K, capacity 7320K, committed 7680K, reserved 1056768K
  class space    used 619K, capacity 656K, committed 768K, reserved 1048576K
}
Event: 22.794 GC heap before
{Heap before GC invocations=21 (full 4):
 PSYoungGen      total 1045504K, used 951226K [0x000000076ab00000, 0x00000007bee80000, 0x00000007c0000000)
  eden space 766976K, 100% used [0x000000076ab00000,0x0000000799800000,0x0000000799800000)
  from space 278528K, 66% used [0x00000007ab580000,0x00000007b696e808,0x00000007bc580000)
  to   space 292352K, 0% used [0x0000000799800000,0x0000000799800000,0x00000007ab580000)
 ParOldGen       total 828928K, used 636647K [0x00000006c0000000, 0x00000006f2980000, 0x000000076ab00000)
  object space 828928K, 76% used [0x00000006c0000000,0x00000006e6db9ef8,0x00000006f2980000)
 Metaspace       used 6672K, capacity 7384K, committed 7680K, reserved 1056768K
  class space    used 622K, capacity 656K, committed 768K, reserved 1048576K
Event: 23.149 GC heap after
Heap after GC invocations=21 (full 4):
 PSYoungGen      total 1059328K, used 292337K [0x000000076ab00000, 0x00000007c0000000, 0x00000007c0000000)
  eden space 766976K, 0% used [0x000000076ab00000,0x000000076ab00000,0x0000000799800000)
  from space 292352K, 99% used [0x0000000799800000,0x00000007ab57c4c8,0x00000007ab580000)
  to   space 338432K, 0% used [0x00000007ab580000,0x00000007ab580000,0x00000007c0000000)
 ParOldGen       total 828928K, used 649418K [0x00000006c0000000, 0x00000006f2980000, 0x000000076ab00000)
  object space 828928K, 78% used [0x00000006c0000000,0x00000006e7a32870,0x00000006f2980000)
 Metaspace       used 6672K, capacity 7384K, committed 7680K, reserved 1056768K
  class space    used 622K, capacity 656K, committed 768K, reserved 1048576K
}
Event: 24.573 GC heap before
{Heap before GC invocations=22 (full 4):
 PSYoungGen      total 1059328K, used 1059313K [0x000000076ab00000, 0x00000007c0000000, 0x00000007c0000000)
  eden space 766976K, 100% used [0x000000076ab00000,0x0000000799800000,0x0000000799800000)
  from space 292352K, 99% used [0x0000000799800000,0x00000007ab57c4c8,0x00000007ab580000)
  to   space 338432K, 0% used [0x00000007ab580000,0x00000007ab580000,0x00000007c0000000)
 ParOldGen       total 828928K, used 649418K [0x00000006c0000000, 0x00000006f2980000, 0x000000076ab00000)
  object space 828928K, 78% used [0x00000006c0000000,0x00000006e7a32870,0x00000006f2980000)
 Metaspace       used 6705K, capacity 7384K, committed 7680K, reserved 1056768K
  class space    used 624K, capacity 656K, committed 768K, reserved 1048576K
Event: 25.073 GC heap after
Heap after GC invocations=22 (full 4):
 PSYoungGen      total 1003008K, used 237956K [0x000000076ab00000, 0x00000007c0000000, 0x00000007c0000000)
  eden space 664576K, 0% used [0x000000076ab00000,0x000000076ab00000,0x0000000793400000)
  from space 338432K, 70% used [0x00000007ab580000,0x00000007b9de1188,0x00000007c0000000)
  to   space 366592K, 0% used [0x0000000793400000,0x0000000793400000,0x00000007a9a00000)
 ParOldGen       total 828928K, used 821708K [0x00000006c0000000, 0x00000006f2980000, 0x000000076ab00000)
  object space 828928K, 99% used [0x00000006c0000000,0x00000006f22731a0,0x00000006f2980000)
 Metaspace       used 6705K, capacity 7384K, committed 7680K, reserved 1056768K
  class space    used 624K, capacity 656K, committed 768K, reserved 1048576K
}
Event: 25.073 GC heap before
{Heap before GC invocations=23 (full 5):
 PSYoungGen      total 1003008K, used 237956K [0x000000076ab00000, 0x00000007c0000000, 0x00000007c0000000)
  eden space 664576K, 0% used [0x000000076ab00000,0x000000076ab00000,0x0000000793400000)
  from space 338432K, 70% used [0x00000007ab580000,0x00000007b9de1188,0x00000007c0000000)
  to   space 366592K, 0% used [0x0000000793400000,0x0000000793400000,0x00000007a9a00000)
 ParOldGen       total 828928K, used 821708K [0x00000006c0000000, 0x00000006f2980000, 0x000000076ab00000)
  object space 828928K, 99% used [0x00000006c0000000,0x00000006f22731a0,0x00000006f2980000)
 Metaspace       used 6705K, capacity 7384K, committed 7680K, reserved 1056768K
  class space    used 624K, capacity 656K, committed 768K, reserved 1048576K
Event: 29.571 GC heap after
Heap after GC invocations=23 (full 5):
 PSYoungGen      total 1003008K, used 98964K [0x000000076ab00000, 0x00000007c0000000, 0x00000007c0000000)
  eden space 664576K, 0% used [0x000000076ab00000,0x000000076ab00000,0x0000000793400000)
  from space 338432K, 29% used [0x00000007ab580000,0x00000007b1625190,0x00000007c0000000)
  to   space 366592K, 0% used [0x0000000793400000,0x0000000793400000,0x00000007a9a00000)
 ParOldGen       total 1234432K, used 828733K [0x00000006c0000000, 0x000000070b580000, 0x000000076ab00000)
  object space 1234432K, 67% used [0x00000006c0000000,0x00000006f294f658,0x000000070b580000)
 Metaspace       used 6705K, capacity 7384K, committed 7680K, reserved 1056768K
  class space    used 624K, capacity 656K, committed 768K, reserved 1048576K
}

Deoptimization events (10 events):
Event: 30.789 Thread 0x000000001ddb2800 Uncommon trap: reason=predicate action=maybe_recompile pc=0x0000000002d44ecc method=java.util.ComparableTimSort.binarySort([Ljava/lang/Object;III)V @ 37
Event: 30.791 Thread 0x000000001ddb2800 Uncommon trap: reason=null_check action=make_not_entrant pc=0x0000000002c110c4 method=com.android.dx.dex.code.LocalList$MakeState.finish()Lcom/android/dx/dex/code/LocalList; @ 81
Event: 30.792 Thread 0x000000001ddb2800 Uncommon trap: reason=unstable_if action=reinterpret pc=0x0000000002f1f6d0 method=com.android.dx.dex.code.LocalList$MakeState.filterSpec(Lcom/android/dx/rop/code/RegisterSpec;)Lcom/android/dx/rop/code/RegisterSpec; @ 1
Event: 30.795 Thread 0x000000001ddb2800 Uncommon trap: reason=unstable_if action=reinterpret pc=0x0000000002dc5abc method=com.android.dx.rop.code.RegisterSpecSet.withOffset(I)Lcom/android/dx/rop/code/RegisterSpecSet; @ 37
Event: 30.804 Thread 0x000000001ff6d000 Uncommon trap: reason=predicate action=maybe_recompile pc=0x0000000002bf335c method=java.util.TimSort.countRunAndMakeAscending([Ljava/lang/Object;IILjava/util/Comparator;)I @ 57
Event: 30.847 Thread 0x000000001ff6d000 Uncommon trap: reason=unstable_if action=reinterpret pc=0x0000000002c99cf8 method=com.android.dx.dex.code.LocalList$MakeState.finish()Lcom/android/dx/dex/code/LocalList; @ 37
Event: 30.875 Thread 0x000000001ddb2800 Uncommon trap: reason=array_check action=maybe_recompile pc=0x000000000313a2e0 method=java.util.ComparableTimSort.binarySort([Ljava/lang/Object;III)V @ 193
Event: 30.896 Thread 0x000000001ff6d000 Uncommon trap: reason=array_check action=maybe_recompile pc=0x000000000313a2e0 method=java.util.ComparableTimSort.binarySort([Ljava/lang/Object;III)V @ 193
Event: 30.898 Thread 0x000000001ff6d000 Uncommon trap: reason=array_check action=maybe_recompile pc=0x000000000313a2e0 method=java.util.ComparableTimSort.binarySort([Ljava/lang/Object;III)V @ 193
Event: 30.918 Thread 0x000000001ff6d000 Uncommon trap: reason=array_check action=maybe_recompile pc=0x000000000313a2e0 method=java.util.ComparableTimSort.binarySort([Ljava/lang/Object;III)V @ 193

Internal exceptions (10 events):
Event: 0.678 Thread 0x000000001dad4800 Implicit null exception at 0x0000000002b400a2 to 0x0000000002b4019d
Event: 0.812 Thread 0x000000001dad7000 Implicit null exception at 0x0000000002bc1ebc to 0x0000000002bc2e81
Event: 1.256 Thread 0x000000001dad4800 Exception <a 'java/lang/ArrayIndexOutOfBoundsException': 18> (0x000000076dfd9290) thrown at [D:\re\workspace\8-2-build-windows-amd64-cygwin\jdk8u40\2855\hotspot\src\share\vm\interpreter\interpreterRuntime.cpp, line 366]
Event: 1.256 Thread 0x000000001dad4800 Exception <a 'java/lang/ArrayIndexOutOfBoundsException': 145> (0x000000076dfdad60) thrown at [D:\re\workspace\8-2-build-windows-amd64-cygwin\jdk8u40\2855\hotspot\src\share\vm\interpreter\interpreterRuntime.cpp, line 366]
Event: 1.257 Thread 0x000000001dad4800 Exception <a 'java/lang/ArrayIndexOutOfBoundsException'> (0x000000076dfdbf98) thrown at [D:\re\workspace\8-2-build-windows-amd64-cygwin\jdk8u40\2855\hotspot\src\share\vm\runtime\sharedRuntime.cpp, line 605]
Event: 5.782 Thread 0x000000000264e000 Implicit null exception at 0x000000000294ecf8 to 0x000000000294f131
Event: 24.089 Thread 0x000000001dad7000 Implicit null exception at 0x000000000340000c to 0x000000000340010d
Event: 30.667 Thread 0x000000001ddb2800 Implicit null exception at 0x000000000301be80 to 0x000000000301c225
Event: 30.669 Thread 0x000000001ddb2800 Implicit null exception at 0x0000000002d18384 to 0x0000000002d18405
Event: 30.791 Thread 0x000000001ddb2800 Implicit null exception at 0x0000000002c10be3 to 0x0000000002c110b9

Events (10 events):
Event: 30.875 Thread 0x000000001ddb2800 DEOPT UNPACKING pc=0x000000000280582a sp=0x0000000022ceeb88 mode 2
Event: 30.896 Thread 0x000000001ff6d000 Uncommon trap: trap_request=0xffffffd6 fr.pc=0x000000000313a2e0
Event: 30.896 Thread 0x000000001ff6d000 DEOPT PACKING pc=0x000000000313a2e0 sp=0x0000000022beea40
Event: 30.896 Thread 0x000000001ff6d000 DEOPT UNPACKING pc=0x000000000280582a sp=0x0000000022bee9e8 mode 2
Event: 30.898 Thread 0x000000001ff6d000 Uncommon trap: trap_request=0xffffffd6 fr.pc=0x000000000313a2e0
Event: 30.898 Thread 0x000000001ff6d000 DEOPT PACKING pc=0x000000000313a2e0 sp=0x0000000022beea40
Event: 30.898 Thread 0x000000001ff6d000 DEOPT UNPACKING pc=0x000000000280582a sp=0x0000000022bee9e8 mode 2
Event: 30.918 Thread 0x000000001ff6d000 Uncommon trap: trap_request=0xffffffd6 fr.pc=0x000000000313a2e0
Event: 30.918 Thread 0x000000001ff6d000 DEOPT PACKING pc=0x000000000313a2e0 sp=0x0000000022beea40
Event: 30.918 Thread 0x000000001ff6d000 DEOPT UNPACKING pc=0x000000000280582a sp=0x0000000022bee9e8 mode 2


Dynamic libraries:
0x00007ff744b90000 - 0x00007ff744bc7000 	C:\Program Files\Java\jdk1.8.0_40\bin\java.exe
0x00007ffb722e0000 - 0x00007ffb724b1000 	C:\WINDOWS\SYSTEM32\ntdll.dll
0x00007ffb717f0000 - 0x00007ffb7189b000 	C:\WINDOWS\System32\KERNEL32.DLL
0x00007ffb6f650000 - 0x00007ffb6f86d000 	C:\WINDOWS\System32\KERNELBASE.dll
0x00007ffb72230000 - 0x00007ffb722d2000 	C:\WINDOWS\System32\ADVAPI32.dll
0x00007ffb71910000 - 0x00007ffb719ae000 	C:\WINDOWS\System32\msvcrt.dll
0x00007ffb714f0000 - 0x00007ffb71549000 	C:\WINDOWS\System32\sechost.dll
0x00007ffb71550000 - 0x00007ffb71671000 	C:\WINDOWS\System32\RPCRT4.dll
0x00007ffb71680000 - 0x00007ffb717e5000 	C:\WINDOWS\System32\USER32.dll
0x00007ffb6ec80000 - 0x00007ffb6ec9e000 	C:\WINDOWS\System32\win32u.dll
0x00007ffb71b20000 - 0x00007ffb71b54000 	C:\WINDOWS\System32\GDI32.dll
0x00007ffb6eaf0000 - 0x00007ffb6ec72000 	C:\WINDOWS\System32\gdi32full.dll
0x00007ffb5d7f0000 - 0x00007ffb5da6a000 	C:\WINDOWS\WinSxS\amd64_microsoft.windows.common-controls_6595b64144ccf1df_6.0.14393.953_none_42151e83c686086b\COMCTL32.dll
0x00007ffb6f9b0000 - 0x00007ffb6fc78000 	C:\WINDOWS\System32\combase.dll
0x00007ffb6f4a0000 - 0x00007ffb6f595000 	C:\WINDOWS\System32\ucrtbase.dll
0x00007ffb6f380000 - 0x00007ffb6f3ea000 	C:\WINDOWS\System32\bcryptPrimitives.dll
0x00007ffb71b60000 - 0x00007ffb71b8e000 	C:\WINDOWS\System32\IMM32.DLL
0x000000006c980000 - 0x000000006ca52000 	C:\Program Files\Java\jdk1.8.0_40\jre\bin\msvcr100.dll
0x000000006c0f0000 - 0x000000006c973000 	C:\Program Files\Java\jdk1.8.0_40\jre\bin\server\jvm.dll
0x00007ffb719b0000 - 0x00007ffb719b8000 	C:\WINDOWS\System32\PSAPI.DLL
0x00007ffb5c900000 - 0x00007ffb5c909000 	C:\WINDOWS\SYSTEM32\WSOCK32.dll
0x00007ffb6cb90000 - 0x00007ffb6cbb3000 	C:\WINDOWS\SYSTEM32\WINMM.dll
0x00007ffb644c0000 - 0x00007ffb644ca000 	C:\WINDOWS\SYSTEM32\VERSION.dll
0x00007ffb718a0000 - 0x00007ffb7190a000 	C:\WINDOWS\System32\WS2_32.dll
0x00007ffb6ca80000 - 0x00007ffb6caab000 	C:\WINDOWS\SYSTEM32\WINMMBASE.dll
0x00007ffb6f450000 - 0x00007ffb6f492000 	C:\WINDOWS\System32\cfgmgr32.dll
0x000000006c0e0000 - 0x000000006c0ef000 	C:\Program Files\Java\jdk1.8.0_40\jre\bin\verify.dll
0x000000006c0b0000 - 0x000000006c0d9000 	C:\Program Files\Java\jdk1.8.0_40\jre\bin\java.dll
0x000000006c090000 - 0x000000006c0a6000 	C:\Program Files\Java\jdk1.8.0_40\jre\bin\zip.dll
0x00007ffb6fce0000 - 0x00007ffb711e9000 	C:\WINDOWS\System32\SHELL32.dll
0x00007ffb6eca0000 - 0x00007ffb6f37a000 	C:\WINDOWS\System32\windows.storage.dll
0x00007ffb6e770000 - 0x00007ffb6e7bc000 	C:\WINDOWS\System32\powrprof.dll
0x00007ffb721c0000 - 0x00007ffb72212000 	C:\WINDOWS\System32\shlwapi.dll
0x00007ffb6e740000 - 0x00007ffb6e74f000 	C:\WINDOWS\System32\kernel.appcore.dll
0x00007ffb6f5a0000 - 0x00007ffb6f649000 	C:\WINDOWS\System32\shcore.dll
0x00007ffb6e750000 - 0x00007ffb6e764000 	C:\WINDOWS\System32\profapi.dll
0x00007ffb63250000 - 0x00007ffb633e2000 	C:\WINDOWS\SYSTEM32\dbghelp.dll

VM Arguments:
jvm_args: -Djava.awt.headless=true -Xmx4g -Dfile.encoding=windows-1252 -Duser.country=US -Duser.language=en -Duser.variant 
java_command: com.android.dx.command.Main --dex --num-threads=4 --multi-dex --main-dex-list E:\BITBUCKET\app\build\intermediates\multi-dex\debug\maindexlist.txt --output E:\BITBUCKET\app\build\intermediates\transforms\dex\debug\folders\1000\1f\main E:\BITBUCKET\app\build\intermediates\transforms\jarMerging\debug\jars\1\1f\combined.jar
java_class_path (initial): D:\AndroidSoftware\sdk\sdk\build-tools\25.0.2\lib\dx.jar
Launcher Type: SUN_STANDARD

Environment Variables:
PATH=C:\ProgramData\Oracle\Java\javapath;C:\WINDOWS\system32;C:\WINDOWS;C:\WINDOWS\System32\Wbem;C:\WINDOWS\System32\WindowsPowerShell\v1.0\;C:\Program Files (x86)\Skype\Phone\;C:\Program Files (x86)\EaseUS\Todo Backup\bin;C:\Program Files\Microsoft SQL Server\130\Tools\Binn\;C:\Program Files (x86)\nodejs\;C:\WINDOWS\system32\config\systemprofile\.dnx\bin;C:\Program Files\Microsoft DNX\Dnvm\;C:\Program Files (x86)\Windows Kits\8.1\Windows Performance Toolkit\;C:\Program Files (x86)\Microsoft Emulator Manager\1.0\;C:\Program Files (x86)\Tesseract-OCR;C:\Program Files (x86)\Common Files\lenovo\easyplussdk\bin;C:\Program Files (x86)\Windows Live\Shared;C:\Users\Nanosoft-Android\AppData\Local\Microsoft\WindowsApps;C:\Users\Nanosoft-Android\AppData\Roaming\npm
USERNAME=Nanosoft-Android
OS=Windows_NT
PROCESSOR_IDENTIFIER=Intel64 Family 6 Model 60 Stepping 3, GenuineIntel



---------------  S Y S T E M  ---------------

OS: Windows 10.0 , 64 bit Build 14393 (10.0.14393.0)

CPU:total 4 (2 cores per cpu, 2 threads per core) family 6 com.tutorials.hp.recyclersqlite.model 60 stepping 3, cmov, cx8, fxsr, mmx, sse, sse2, sse3, ssse3, sse4.1, sse4.2, popcnt, avx, avx2, aes, clmul, erms, lzcnt, ht, tsc, tscinvbit, bmi1, bmi2

Memory: 4k page, physical 8263704k(1127336k free), swap 14091328k(3400k free)

vm_info: Java HotSpot(TM) 64-Bit Server VM (25.40-b25) for windows-amd64 JRE (1.8.0_40-b25), built on Feb 10 2015 21:53:57 by "java_re" with MS VC++ 10.0 (VS2010)

time: Wed Mar 29 13:05:17 2017
elapsed time: 31 seconds (0d 0h 0m 31s)

