#
# A fatal error has been detected by the Java Runtime Environment:
#
#  EXCEPTION_ACCESS_VIOLATION (0xc0000005) at pc=0x00000000600879b1, pid=1288, tid=6760
#
# JRE version: Java(TM) SE Runtime Environment (8.0_40-b25) (build 1.8.0_40-b25)
# Java VM: Java HotSpot(TM) 64-Bit Server VM (25.40-b25 mixed mode windows-amd64 compressed oops)
# Problematic frame:
# V  [jvm.dll+0x4779b1]
#
# Failed to write core dump. Minidumps are not enabled by default on client versions of Windows
#
# If you would like to submit a bug report, please visit:
#   http://bugreport.java.com/bugreport/crash.jsp
#

---------------  T H R E A D  ---------------

Current thread (0x000000001bf49800):  JavaThread "C2 CompilerThread0" daemon [_thread_in_native, id=6760, stack(0x000000001d4c0000,0x000000001d5c0000)]

siginfo: ExceptionCode=0xc0000005, reading address 0x0000000000000018

Registers:
RAX=0x0000000000203eb0, RBX=0x000000001ee79b68, RCX=0x000000001f53e720, RDX=0x000000001ee79b98
RSP=0x000000001d5bbe80, RBP=0x00000000205a1fd0, RSI=0x0000000000001c1b, RDI=0x0000000000000000
R8 =0x000000001d5bcc90, R9 =0x0000000000000000, R10=0x0000000000000000, R11=0x0000000000001c0f
R12=0x000000001d5bc010, R13=0x000000001d5bcc90, R14=0x00000000205a1fd0, R15=0x00000000000000ff
RIP=0x00000000600879b1, EFLAGS=0x0000000000010246

Top of Stack: (sp=0x000000001d5bbe80)
0x000000001d5bbe80:   000000000000001c 000000001def3800
0x000000001d5bbe90:   0000000000000000 0000000000001c0f
0x000000001d5bbea0:   0000000000000015 000000006008d590
0x000000001d5bbeb0:   000000001ee79b68 000000001ee792c8
0x000000001d5bbec0:   000000001ee792c8 000000005fdb9a98
0x000000001d5bbed0:   000000001d5bbfb0 00000000000002a4
0x000000001d5bbee0:   00000000000000c0 000000001e3fdc28
0x000000001d5bbef0:   00000000000002a9 000000006008e71a
0x000000001d5bbf00:   000000001ee793c8 0000000000000000
0x000000001d5bbf10:   000000001ee79b68 000000001d5bc000
0x000000001d5bbf20:   000000001bf07350 00007ffed424cd3c
0x000000001d5bbf30:   00000100000000df 0000000000000000
0x000000001d5bbf40:   000000000000000f 000000002178df50
0x000000001d5bbf50:   0000004000000027 0000000000000000
0x000000001d5bbf60:   000000000000000f 000000002178be30
0x000000001d5bbf70:   000000100000000a 0000000000000000 

Instructions: (pc=0x00000000600879b1)
0x0000000060087991:   20 74 21 48 c7 c0 ff 6b ca 88 48 83 c4 28 c3 41
0x00000000600879a1:   8b 41 10 83 f8 0e 7c 05 83 f8 14 7e 03 45 33 c9
0x00000000600879b1:   41 8b 41 18 48 83 c4 28 c3 cc cc cc cc cc cc 48
0x00000000600879c1:   89 5c 24 08 57 48 83 ec 20 48 8b 41 08 48 8b f9 


Register to memory mapping:

RAX=0x0000000000203eb0 is an unknown value
RBX=0x000000001ee79b68 is an unknown value
RCX=0x000000001f53e720 is an unknown value
RDX=0x000000001ee79b98 is an unknown value
RSP=0x000000001d5bbe80 is pointing into the stack for thread: 0x000000001bf49800
RBP=0x00000000205a1fd0 is an unknown value
RSI=0x0000000000001c1b is an unknown value
RDI=0x0000000000000000 is an unknown value
R8 =0x000000001d5bcc90 is pointing into the stack for thread: 0x000000001bf49800
R9 =0x0000000000000000 is an unknown value
R10=0x0000000000000000 is an unknown value
R11=0x0000000000001c0f is an unknown value
R12=0x000000001d5bc010 is pointing into the stack for thread: 0x000000001bf49800
R13=0x000000001d5bcc90 is pointing into the stack for thread: 0x000000001bf49800
R14=0x00000000205a1fd0 is an unknown value
R15=0x00000000000000ff is an unknown value


Stack: [0x000000001d4c0000,0x000000001d5c0000],  sp=0x000000001d5bbe80,  free space=1007k
Native frames: (J=compiled Java code, j=interpreted, Vv=VM code, C=native code)
V  [jvm.dll+0x4779b1]
V  [jvm.dll+0x47d590]
V  [jvm.dll+0x47e71a]
V  [jvm.dll+0x47ef13]
V  [jvm.dll+0x46b703]
V  [jvm.dll+0x46ccbe]
V  [jvm.dll+0x4500d2]
V  [jvm.dll+0xa4312]
V  [jvm.dll+0xa4c4f]
V  [jvm.dll+0x241914]
V  [jvm.dll+0x29848a]
C  [msvcr100.dll+0x21d9f]
C  [msvcr100.dll+0x21e3b]
C  [KERNEL32.DLL+0x8364]
C  [ntdll.dll+0x670d1]


Current CompileTask:
C2:  34284 3746 %     4       com.android.dx.dex.code.OutputFinisher::performExpansion @ 31 (273 bytes)


---------------  P R O C E S S  ---------------

Java Threads: ( => current thread )
  0x000000001e25f800 JavaThread "pool-1-thread-2" [_thread_in_Java, id=8492, stack(0x0000000021cc0000,0x0000000021dc0000)]
  0x000000001e564000 JavaThread "pool-1-thread-1" [_thread_in_Java, id=6160, stack(0x000000001fa90000,0x000000001fb90000)]
  0x000000001d7e8800 JavaThread "Service Thread" daemon [_thread_blocked, id=924, stack(0x000000001dbc0000,0x000000001dcc0000)]
  0x000000001bf3f800 JavaThread "C1 CompilerThread2" daemon [_thread_blocked, id=7300, stack(0x000000001d6c0000,0x000000001d7c0000)]
  0x000000001bf4d000 JavaThread "C2 CompilerThread1" daemon [_thread_in_native, id=8656, stack(0x000000001d5c0000,0x000000001d6c0000)]
=>0x000000001bf49800 JavaThread "C2 CompilerThread0" daemon [_thread_in_native, id=6760, stack(0x000000001d4c0000,0x000000001d5c0000)]
  0x000000001bf47800 JavaThread "Attach Listener" daemon [_thread_blocked, id=2100, stack(0x000000001d3c0000,0x000000001d4c0000)]
  0x000000001bf46800 JavaThread "Signal Dispatcher" daemon [_thread_blocked, id=7484, stack(0x000000001d2c0000,0x000000001d3c0000)]
  0x0000000002817800 JavaThread "Finalizer" daemon [_thread_blocked, id=11372, stack(0x000000001d1c0000,0x000000001d2c0000)]
  0x000000000280e000 JavaThread "Reference Handler" daemon [_thread_blocked, id=6536, stack(0x000000001d0c0000,0x000000001d1c0000)]
  0x000000000286e000 JavaThread "main" [_thread_blocked, id=11536, stack(0x0000000002600000,0x0000000002700000)]

Other Threads:
  0x000000001bf07800 VMThread [stack: 0x000000001cfc0000,0x000000001d0c0000] [id=12048]
  0x000000001bf9d800 WatcherThread [stack: 0x000000001dcc0000,0x000000001ddc0000] [id=11024]

VM state:not at safepoint (normal execution)

VM Mutex/Monitor currently owned by a thread: None

Heap:
 PSYoungGen      total 996864K, used 560539K [0x000000076ab00000, 0x00000007c0000000, 0x00000007c0000000)
  eden space 786432K, 44% used [0x000000076ab00000,0x0000000780135d40,0x000000079ab00000)
  from space 210432K, 99% used [0x000000079ab00000,0x00000007a7831118,0x00000007a7880000)
  to   space 321024K, 0% used [0x00000007ac680000,0x00000007ac680000,0x00000007c0000000)
 ParOldGen       total 1165824K, used 800757K [0x00000006c0000000, 0x0000000707280000, 0x000000076ab00000)
  object space 1165824K, 68% used [0x00000006c0000000,0x00000006f0dfd610,0x0000000707280000)
 Metaspace       used 6967K, capacity 7672K, committed 7936K, reserved 1056768K
  class space    used 637K, capacity 688K, committed 768K, reserved 1048576K

Card table byte_map: [0x0000000011c30000,0x0000000012440000] byte_map_base: 0x000000000e630000

Marking Bits: (ParMarkBitMap*) 0x0000000060414040
 Begin Bits: [0x0000000012da0000, 0x0000000016da0000)
 End Bits:   [0x0000000016da0000, 0x000000001ada0000)

Polling page: 0x00000000005f0000

CodeCache: size=245760Kb used=14467Kb max_used=14518Kb free=231292Kb
 bounds [0x0000000002870000, 0x00000000036b0000, 0x0000000011870000]
 total_blobs=3270 nmethods=2997 adapters=183
 compilation: enabled

Compilation events (10 events):
Event: 34.201 Thread 0x000000001bf3f800 3752 %     3       com.android.dx.dex.code.OutputFinisher::shiftParameters @ 91 (143 bytes)
Event: 34.202 Thread 0x000000001bf3f800 nmethod 3752% 0x0000000002dd12d0 code [0x0000000002dd1560, 0x0000000002dd26f8]
Event: 34.202 Thread 0x000000001bf3f800 3753       3       com.android.dx.dex.code.OutputFinisher::shiftParameters (143 bytes)
Event: 34.203 Thread 0x000000001bf3f800 nmethod 3753 0x0000000002da8d50 code [0x0000000002da8fe0, 0x0000000002daa098]
Event: 34.225 Thread 0x000000001bf49800 nmethod 3750 0x0000000002dcfc10 code [0x0000000002dcfdc0, 0x0000000002dd08c8]
Event: 34.225 Thread 0x000000001bf49800 3747       4       com.android.dx.dex.code.HighRegisterPrefix::codeSize (45 bytes)
Event: 34.231 Thread 0x000000001bf3f800 3755       3       com.android.dx.dex.code.VariableSizeInsn::withRegisterOffset (13 bytes)
Event: 34.231 Thread 0x000000001bf3f800 nmethod 3755 0x0000000002dcf650 code [0x0000000002dcf7c0, 0x0000000002dcfb38]
Event: 34.237 Thread 0x000000001bf49800 nmethod 3747 0x0000000002da55d0 code [0x0000000002da5780, 0x0000000002da6068]
Event: 34.237 Thread 0x000000001bf49800 3746 %     4       com.android.dx.dex.code.OutputFinisher::performExpansion @ 31 (273 bytes)

GC Heap History (10 events):
Event: 22.308 GC heap before
{Heap before GC invocations=20 (full 4):
 PSYoungGen      total 891904K, used 805360K [0x000000076ab00000, 0x00000007b5a80000, 0x00000007c0000000)
  eden space 671744K, 100% used [0x000000076ab00000,0x0000000793b00000,0x0000000793b00000)
  from space 220160K, 60% used [0x0000000793b00000,0x000000079bd7c3f8,0x00000007a1200000)
  to   space 226304K, 0% used [0x00000007a7d80000,0x00000007a7d80000,0x00000007b5a80000)
 ParOldGen       total 800768K, used 588912K [0x00000006c0000000, 0x00000006f0e00000, 0x000000076ab00000)
  object space 800768K, 73% used [0x00000006c0000000,0x00000006e3f1c0d0,0x00000006f0e00000)
 Metaspace       used 6597K, capacity 7320K, committed 7680K, reserved 1056768K
  class space    used 617K, capacity 656K, committed 768K, reserved 1048576K
Event: 22.475 GC heap after
Heap after GC invocations=20 (full 4):
 PSYoungGen      total 1003520K, used 118703K [0x000000076ab00000, 0x00000007b5d00000, 0x00000007c0000000)
  eden space 777216K, 0% used [0x000000076ab00000,0x000000076ab00000,0x000000079a200000)
  from space 226304K, 52% used [0x00000007a7d80000,0x00000007af16bcb8,0x00000007b5a80000)
  to   space 224768K, 0% used [0x000000079a200000,0x000000079a200000,0x00000007a7d80000)
 ParOldGen       total 800768K, used 588912K [0x00000006c0000000, 0x00000006f0e00000, 0x000000076ab00000)
  object space 800768K, 73% used [0x00000006c0000000,0x00000006e3f1c0d0,0x00000006f0e00000)
 Metaspace       used 6597K, capacity 7320K, committed 7680K, reserved 1056768K
  class space    used 617K, capacity 656K, committed 768K, reserved 1048576K
}
Event: 23.812 GC heap before
{Heap before GC invocations=21 (full 4):
 PSYoungGen      total 1003520K, used 895919K [0x000000076ab00000, 0x00000007b5d00000, 0x00000007c0000000)
  eden space 777216K, 100% used [0x000000076ab00000,0x000000079a200000,0x000000079a200000)
  from space 226304K, 52% used [0x00000007a7d80000,0x00000007af16bcb8,0x00000007b5a80000)
  to   space 224768K, 0% used [0x000000079a200000,0x000000079a200000,0x00000007a7d80000)
 ParOldGen       total 800768K, used 588912K [0x00000006c0000000, 0x00000006f0e00000, 0x000000076ab00000)
  object space 800768K, 73% used [0x00000006c0000000,0x00000006e3f1c0d0,0x00000006f0e00000)
 Metaspace       used 6599K, capacity 7320K, committed 7680K, reserved 1056768K
  class space    used 617K, capacity 656K, committed 768K, reserved 1048576K
Event: 24.012 GC heap after
Heap after GC invocations=21 (full 4):
 PSYoungGen      total 1001984K, used 224742K [0x000000076ab00000, 0x00000007c0000000, 0x00000007c0000000)
  eden space 777216K, 0% used [0x000000076ab00000,0x000000076ab00000,0x000000079a200000)
  from space 224768K, 99% used [0x000000079a200000,0x00000007a7d79a78,0x00000007a7d80000)
  to   space 269824K, 0% used [0x00000007af880000,0x00000007af880000,0x00000007c0000000)
 ParOldGen       total 800768K, used 610087K [0x00000006c0000000, 0x00000006f0e00000, 0x000000076ab00000)
  object space 800768K, 76% used [0x00000006c0000000,0x00000006e53c9db0,0x00000006f0e00000)
 Metaspace       used 6599K, capacity 7320K, committed 7680K, reserved 1056768K
  class space    used 617K, capacity 656K, committed 768K, reserved 1048576K
}
Event: 25.544 GC heap before
{Heap before GC invocations=22 (full 4):
 PSYoungGen      total 1001984K, used 1001958K [0x000000076ab00000, 0x00000007c0000000, 0x00000007c0000000)
  eden space 777216K, 100% used [0x000000076ab00000,0x000000079a200000,0x000000079a200000)
  from space 224768K, 99% used [0x000000079a200000,0x00000007a7d79a78,0x00000007a7d80000)
  to   space 269824K, 0% used [0x00000007af880000,0x00000007af880000,0x00000007c0000000)
 ParOldGen       total 800768K, used 610087K [0x00000006c0000000, 0x00000006f0e00000, 0x000000076ab00000)
  object space 800768K, 76% used [0x00000006c0000000,0x00000006e53c9db0,0x00000006f0e00000)
 Metaspace       used 6703K, capacity 7384K, committed 7680K, reserved 1056768K
  class space    used 623K, capacity 656K, committed 768K, reserved 1048576K
Event: 26.061 GC heap after
Heap after GC invocations=22 (full 4):
 PSYoungGen      total 1056256K, used 245155K [0x000000076ab00000, 0x00000007c0000000, 0x00000007c0000000)
  eden space 786432K, 0% used [0x000000076ab00000,0x000000076ab00000,0x000000079ab00000)
  from space 269824K, 90% used [0x00000007af880000,0x00000007be7e8e70,0x00000007c0000000)
  to   space 305664K, 0% used [0x000000079ab00000,0x000000079ab00000,0x00000007ad580000)
 ParOldGen       total 800768K, used 711334K [0x00000006c0000000, 0x00000006f0e00000, 0x000000076ab00000)
  object space 800768K, 88% used [0x00000006c0000000,0x00000006eb6a9b38,0x00000006f0e00000)
 Metaspace       used 6703K, capacity 7384K, committed 7680K, reserved 1056768K
  class space    used 623K, capacity 656K, committed 768K, reserved 1048576K
}
Event: 26.061 GC heap before
{Heap before GC invocations=23 (full 5):
 PSYoungGen      total 1056256K, used 245155K [0x000000076ab00000, 0x00000007c0000000, 0x00000007c0000000)
  eden space 786432K, 0% used [0x000000076ab00000,0x000000076ab00000,0x000000079ab00000)
  from space 269824K, 90% used [0x00000007af880000,0x00000007be7e8e70,0x00000007c0000000)
  to   space 305664K, 0% used [0x000000079ab00000,0x000000079ab00000,0x00000007ad580000)
 ParOldGen       total 800768K, used 711334K [0x00000006c0000000, 0x00000006f0e00000, 0x000000076ab00000)
  object space 800768K, 88% used [0x00000006c0000000,0x00000006eb6a9b38,0x00000006f0e00000)
 Metaspace       used 6703K, capacity 7384K, committed 7680K, reserved 1056768K
  class space    used 623K, capacity 656K, committed 768K, reserved 1048576K
Event: 30.842 GC heap after
Heap after GC invocations=23 (full 5):
 PSYoungGen      total 1056256K, used 97508K [0x000000076ab00000, 0x00000007c0000000, 0x00000007c0000000)
  eden space 786432K, 0% used [0x000000076ab00000,0x000000076ab00000,0x000000079ab00000)
  from space 269824K, 36% used [0x00000007af880000,0x00000007b57b93f8,0x00000007c0000000)
  to   space 305664K, 0% used [0x000000079ab00000,0x000000079ab00000,0x00000007ad580000)
 ParOldGen       total 1165824K, used 800757K [0x00000006c0000000, 0x0000000707280000, 0x000000076ab00000)
  object space 1165824K, 68% used [0x00000006c0000000,0x00000006f0dfd610,0x0000000707280000)
 Metaspace       used 6703K, capacity 7384K, committed 7680K, reserved 1056768K
  class space    used 623K, capacity 656K, committed 768K, reserved 1048576K
}
Event: 32.417 GC heap before
{Heap before GC invocations=24 (full 5):
 PSYoungGen      total 1056256K, used 883940K [0x000000076ab00000, 0x00000007c0000000, 0x00000007c0000000)
  eden space 786432K, 100% used [0x000000076ab00000,0x000000079ab00000,0x000000079ab00000)
  from space 269824K, 36% used [0x00000007af880000,0x00000007b57b93f8,0x00000007c0000000)
  to   space 305664K, 0% used [0x000000079ab00000,0x000000079ab00000,0x00000007ad580000)
 ParOldGen       total 1165824K, used 800757K [0x00000006c0000000, 0x0000000707280000, 0x000000076ab00000)
  object space 1165824K, 68% used [0x00000006c0000000,0x00000006f0dfd610,0x0000000707280000)
 Metaspace       used 6726K, capacity 7384K, committed 7680K, reserved 1056768K
  class space    used 624K, capacity 656K, committed 768K, reserved 1048576K
Event: 32.799 GC heap after
Heap after GC invocations=24 (full 5):
 PSYoungGen      total 996864K, used 210116K [0x000000076ab00000, 0x00000007c0000000, 0x00000007c0000000)
  eden space 786432K, 0% used [0x000000076ab00000,0x000000076ab00000,0x000000079ab00000)
  from space 210432K, 99% used [0x000000079ab00000,0x00000007a7831118,0x00000007a7880000)
  to   space 321024K, 0% used [0x00000007ac680000,0x00000007ac680000,0x00000007c0000000)
 ParOldGen       total 1165824K, used 800757K [0x00000006c0000000, 0x0000000707280000, 0x000000076ab00000)
  object space 1165824K, 68% used [0x00000006c0000000,0x00000006f0dfd610,0x0000000707280000)
 Metaspace       used 6726K, capacity 7384K, committed 7680K, reserved 1056768K
  class space    used 624K, capacity 656K, committed 768K, reserved 1048576K
}

Deoptimization events (10 events):
Event: 33.473 Thread 0x000000001e564000 Uncommon trap: reason=array_check action=maybe_recompile pc=0x00000000030b39e0 method=java.util.ComparableTimSort.binarySort([Ljava/lang/Object;III)V @ 193
Event: 33.497 Thread 0x000000001e564000 Uncommon trap: reason=array_check action=maybe_recompile pc=0x00000000030b39e0 method=java.util.ComparableTimSort.binarySort([Ljava/lang/Object;III)V @ 193
Event: 33.540 Thread 0x000000001e564000 Uncommon trap: reason=unstable_if action=reinterpret pc=0x0000000003385f28 method=com.android.dx.dex.code.OutputFinisher.align64bits([Lcom/android/dx/dex/code/Dop;)V @ 205
Event: 33.574 Thread 0x000000001e564000 Uncommon trap: reason=unstable_if action=reinterpret pc=0x0000000003371310 method=com.android.dx.rop.code.RegisterSpec.matchesVariable(Lcom/android/dx/rop/code/RegisterSpec;)Z @ 59
Event: 33.574 Thread 0x000000001e564000 Uncommon trap: reason=unstable_if action=reinterpret pc=0x0000000002a277c0 method=com.android.dx.rop.code.RegisterSpec.matchesVariable(Lcom/android/dx/rop/code/RegisterSpec;)Z @ 59
Event: 33.609 Thread 0x000000001e564000 Uncommon trap: reason=unstable_if action=reinterpret pc=0x0000000002c1edf0 method=com.android.dx.dex.code.LocalList$MakeState.filterSpec(Lcom/android/dx/rop/code/RegisterSpec;)Lcom/android/dx/rop/code/RegisterSpec; @ 11
Event: 33.723 Thread 0x000000001e25f800 Uncommon trap: reason=predicate action=maybe_recompile pc=0x0000000002bcf66c method=java.util.TimSort.countRunAndMakeAscending([Ljava/lang/Object;IILjava/util/Comparator;)I @ 57
Event: 33.774 Thread 0x000000001e564000 Uncommon trap: reason=array_check action=maybe_recompile pc=0x0000000002cc60b0 method=java.util.ComparableTimSort.binarySort([Ljava/lang/Object;III)V @ 183
Event: 33.849 Thread 0x000000001e564000 Uncommon trap: reason=array_check action=maybe_recompile pc=0x0000000002cc60b0 method=java.util.ComparableTimSort.binarySort([Ljava/lang/Object;III)V @ 183
Event: 33.952 Thread 0x000000001e564000 Uncommon trap: reason=null_check action=make_not_entrant pc=0x0000000003188360 method=com.android.dx.dex.code.LocalList$MakeState.checkForEmptyRange(ILcom/android/dx/rop/code/RegisterSpec;)Z @ 119

Internal exceptions (10 events):
Event: 0.029 Thread 0x000000000286e000 Exception <a 'java/lang/NoSuchMethodError': Method sun.misc.Unsafe.prefetchRead(Ljava/lang/Object;J)V name or signature does not match> (0x000000076ab0d8a8) thrown at [D:\re\workspace\8-2-build-windows-amd64-cygwin\jdk8u40\2855\hotspot\src\share\vm\prims\j€£ð¶Ÿã?
Event: 0.613 Thread 0x000000001e0b7000 Implicit null exception at 0x0000000002bd9f62 to 0x0000000002bda06d
Event: 0.808 Thread 0x000000001e25c800 Implicit null exception at 0x0000000002c4052f to 0x0000000002c42bc5
Event: 1.124 Thread 0x000000001e25c800 Implicit null exception at 0x0000000002f0c7ae to 0x0000000002f0c971
Event: 1.212 Thread 0x000000001e25f800 Exception <a 'java/lang/ArrayIndexOutOfBoundsException': 18> (0x000000076ea362e0) thrown at [D:\re\workspace\8-2-build-windows-amd64-cygwin\jdk8u40\2855\hotspot\src\share\vm\interpreter\interpreterRuntime.cpp, line 366]
Event: 1.212 Thread 0x000000001e25f800 Exception <a 'java/lang/ArrayIndexOutOfBoundsException'> (0x000000076ea37db0) thrown at [D:\re\workspace\8-2-build-windows-amd64-cygwin\jdk8u40\2855\hotspot\src\share\vm\runtime\sharedRuntime.cpp, line 605]
Event: 1.213 Thread 0x000000001e25f800 Exception <a 'java/lang/ArrayIndexOutOfBoundsException'> (0x000000076ea38fe8) thrown at [D:\re\workspace\8-2-build-windows-amd64-cygwin\jdk8u40\2855\hotspot\src\share\vm\runtime\sharedRuntime.cpp, line 605]
Event: 5.718 Thread 0x000000000286e000 Implicit null exception at 0x00000000029f4638 to 0x00000000029f4a71
Event: 31.149 Thread 0x000000001e25c800 Implicit null exception at 0x000000000362b54c to 0x000000000362b64d
Event: 33.952 Thread 0x000000001e564000 Implicit null exception at 0x0000000003186649 to 0x0000000003188332

Events (10 events):
Event: 33.998 Thread 0x000000001e564000 DEOPT PACKING pc=0x0000000002c2ead9 sp=0x000000001fb8eda0
Event: 33.998 Thread 0x000000001e564000 DEOPT UNPACKING pc=0x00000000028b787f sp=0x000000001fb8eaf0 mode 0
Event: 34.001 Thread 0x000000001e25f800 DEOPT PACKING pc=0x0000000002c2ead9 sp=0x0000000021dbeb20
Event: 34.001 Thread 0x000000001e25f800 DEOPT UNPACKING pc=0x00000000028b787f sp=0x0000000021dbe870 mode 0
Event: 34.003 Thread 0x000000001e564000 DEOPT PACKING pc=0x0000000002c2ead9 sp=0x000000001fb8eda0
Event: 34.003 Thread 0x000000001e564000 DEOPT UNPACKING pc=0x00000000028b787f sp=0x000000001fb8eaf0 mode 0
Event: 34.006 Thread 0x000000001e564000 DEOPT PACKING pc=0x0000000002c2ead9 sp=0x000000001fb8eda0
Event: 34.006 Thread 0x000000001e564000 DEOPT UNPACKING pc=0x00000000028b787f sp=0x000000001fb8eaf0 mode 0
Event: 34.202 Thread 0x000000001e564000 DEOPT PACKING pc=0x0000000002f63fa2 sp=0x000000001fb8ecb0
Event: 34.202 Thread 0x000000001e564000 DEOPT UNPACKING pc=0x00000000028b787f sp=0x000000001fb8ea40 mode 0


Dynamic libraries:
0x00007ff6ad6c0000 - 0x00007ff6ad6f7000 	C:\Program Files\Java\jdk1.8.0_40\bin\java.exe
0x00007ffed72e0000 - 0x00007ffed74b1000 	C:\WINDOWS\SYSTEM32\ntdll.dll
0x00007ffed67c0000 - 0x00007ffed686b000 	C:\WINDOWS\System32\KERNEL32.DLL
0x00007ffed4200000 - 0x00007ffed441d000 	C:\WINDOWS\System32\KERNELBASE.dll
0x00007ffed6ba0000 - 0x00007ffed6c42000 	C:\WINDOWS\System32\ADVAPI32.dll
0x00007ffed6cd0000 - 0x00007ffed6d6e000 	C:\WINDOWS\System32\msvcrt.dll
0x00007ffed6700000 - 0x00007ffed6759000 	C:\WINDOWS\System32\sechost.dll
0x00007ffed6260000 - 0x00007ffed6381000 	C:\WINDOWS\System32\RPCRT4.dll
0x00007ffed6590000 - 0x00007ffed66f5000 	C:\WINDOWS\System32\USER32.dll
0x00007ffed4520000 - 0x00007ffed453e000 	C:\WINDOWS\System32\win32u.dll
0x00007ffed63b0000 - 0x00007ffed63e4000 	C:\WINDOWS\System32\GDI32.dll
0x00007ffed3820000 - 0x00007ffed39a2000 	C:\WINDOWS\System32\gdi32full.dll
0x00007ffec1b30000 - 0x00007ffec1daa000 	C:\WINDOWS\WinSxS\amd64_microsoft.windows.common-controls_6595b64144ccf1df_6.0.14393.953_none_42151e83c686086b\COMCTL32.dll
0x00007ffed48f0000 - 0x00007ffed4bb8000 	C:\WINDOWS\System32\combase.dll
0x00007ffed4420000 - 0x00007ffed4515000 	C:\WINDOWS\System32\ucrtbase.dll
0x00007ffed39b0000 - 0x00007ffed3a1a000 	C:\WINDOWS\System32\bcryptPrimitives.dll
0x00007ffed6230000 - 0x00007ffed625e000 	C:\WINDOWS\System32\IMM32.DLL
0x00000000604a0000 - 0x0000000060572000 	C:\Program Files\Java\jdk1.8.0_40\jre\bin\msvcr100.dll
0x000000005fc10000 - 0x0000000060493000 	C:\Program Files\Java\jdk1.8.0_40\jre\bin\server\jvm.dll
0x00007ffed6cc0000 - 0x00007ffed6cc8000 	C:\WINDOWS\System32\PSAPI.DLL
0x00007ffec9550000 - 0x00007ffec9559000 	C:\WINDOWS\SYSTEM32\WSOCK32.dll
0x00007ffed1480000 - 0x00007ffed14a3000 	C:\WINDOWS\SYSTEM32\WINMM.dll
0x00007ffed6c50000 - 0x00007ffed6cba000 	C:\WINDOWS\System32\WS2_32.dll
0x00007ffec86b0000 - 0x00007ffec86ba000 	C:\WINDOWS\SYSTEM32\VERSION.dll
0x0000000000900000 - 0x000000000092b000 	C:\WINDOWS\SYSTEM32\WINMMBASE.dll
0x00007ffed37d0000 - 0x00007ffed3812000 	C:\WINDOWS\System32\cfgmgr32.dll
0x0000000061110000 - 0x000000006111f000 	C:\Program Files\Java\jdk1.8.0_40\jre\bin\verify.dll
0x000000005fbe0000 - 0x000000005fc09000 	C:\Program Files\Java\jdk1.8.0_40\jre\bin\java.dll
0x000000005fbc0000 - 0x000000005fbd6000 	C:\Program Files\Java\jdk1.8.0_40\jre\bin\zip.dll
0x00007ffed4bc0000 - 0x00007ffed60c8000 	C:\WINDOWS\System32\SHELL32.dll
0x00007ffed3a20000 - 0x00007ffed40fa000 	C:\WINDOWS\System32\windows.storage.dll
0x00007ffed3780000 - 0x00007ffed37cc000 	C:\WINDOWS\System32\powrprof.dll
0x00007ffed6760000 - 0x00007ffed67b2000 	C:\WINDOWS\System32\shlwapi.dll
0x00007ffed3770000 - 0x00007ffed377f000 	C:\WINDOWS\System32\kernel.appcore.dll
0x00007ffed47c0000 - 0x00007ffed4869000 	C:\WINDOWS\System32\shcore.dll
0x00007ffed3750000 - 0x00007ffed3764000 	C:\WINDOWS\System32\profapi.dll
0x00007ffec8070000 - 0x00007ffec8202000 	C:\WINDOWS\SYSTEM32\dbghelp.dll

VM Arguments:
jvm_args: -Djava.awt.headless=true -Xmx4g -Dfile.encoding=windows-1252 -Duser.country=US -Duser.language=en -Duser.variant 
java_command: com.android.dx.command.Main --dex --num-threads=4 --multi-dex --main-dex-list E:\Azhar\PlanInterNational\SCBTS\app\build\intermediates\multi-dex\debug\maindexlist.txt --output E:\Azhar\PlanInterNational\SCBTS\app\build\intermediates\transforms\dex\debug\folders\1000\1f\main E:\Azhar\PlanInterNational\SCBTS\app\build\intermediates\transforms\jarMerging\debug\jars\1\1f\combined.jar
java_class_path (initial): D:\AndroidSoftware\sdk\sdk\build-tools\25.0.2\lib\dx.jar
Launcher Type: SUN_STANDARD

Environment Variables:
PATH=C:\ProgramData\Oracle\Java\javapath;C:\WINDOWS\system32;C:\WINDOWS;C:\WINDOWS\System32\Wbem;C:\WINDOWS\System32\WindowsPowerShell\v1.0\;C:\Program Files (x86)\Skype\Phone\;C:\Program Files (x86)\EaseUS\Todo Backup\bin;C:\Program Files\Microsoft SQL Server\130\Tools\Binn\;C:\WINDOWS\system32\config\systemprofile\.dnx\bin;C:\Program Files\Microsoft DNX\Dnvm\;C:\Program Files (x86)\Windows Kits\8.1\Windows Performance Toolkit\;C:\Program Files (x86)\Microsoft Emulator Manager\1.0\;C:\Program Files (x86)\Tesseract-OCR;C:\Program Files (x86)\Common Files\lenovo\easyplussdk\bin;C:\Program Files (x86)\Windows Live\Shared;C:\Program Files (x86)\nodejs\;C:\Users\Nanosoft-Android\AppData\Local\Microsoft\WindowsApps;C:\Users\Nanosoft-Android\AppData\Roaming\npm;C:\Program Files (x86)\Microsoft VS Code\bin
USERNAME=Nanosoft-Android
OS=Windows_NT
PROCESSOR_IDENTIFIER=Intel64 Family 6 Model 60 Stepping 3, GenuineIntel



---------------  S Y S T E M  ---------------

OS: Windows 10.0 , 64 bit Build 14393 (10.0.14393.0)

CPU:total 4 (2 cores per cpu, 2 threads per core) family 6 model 60 stepping 3, cmov, cx8, fxsr, mmx, sse, sse2, sse3, ssse3, sse4.1, sse4.2, popcnt, avx, avx2, aes, clmul, erms, lzcnt, ht, tsc, tscinvbit, bmi1, bmi2

Memory: 4k page, physical 8263704k(1815836k free), swap 13768728k(5837680k free)

vm_info: Java HotSpot(TM) 64-Bit Server VM (25.40-b25) for windows-amd64 JRE (1.8.0_40-b25), built on Feb 10 2015 21:53:57 by "java_re" with MS VC++ 10.0 (VS2010)

time: Mon May 15 16:46:49 2017
elapsed time: 34 seconds (0d 0h 0m 34s)

